<?xml version="1.0" encoding="UTF-8" ?>
<testsuite tests="0" failures="0" name="com.local.AppTest" time="0" errors="0" skipped="0">
  <properties>
    <property name="java.runtime.name" value="Java(TM) SE Runtime Environment"/>
    <property name="java.vm.version" value="11.0.2+9-LTS"/>
    <property name="sun.boot.library.path" value="C:\Program Files\Java\jdk-11.0.2\bin"/>
    <property name="maven.multiModuleProjectDirectory" value="D:\IdeaProject\movie-recommend\movie-spark"/>
    <property name="java.vm.vendor" value="Oracle Corporation"/>
    <property name="java.vendor.url" value="http://java.oracle.com/"/>
    <property name="guice.disable.misplaced.annotation.check" value="true"/>
    <property name="path.separator" value=";"/>
    <property name="java.vm.name" value="Java HotSpot(TM) 64-Bit Server VM"/>
    <property name="sun.os.patch.level" value=""/>
    <property name="user.script" value=""/>
    <property name="user.country" value="CN"/>
    <property name="sun.java.launcher" value="SUN_STANDARD"/>
    <property name="java.vm.specification.name" value="Java Virtual Machine Specification"/>
    <property name="user.dir" value="D:\IdeaProject\movie-recommend\movie-spark"/>
    <property name="java.vm.compressedOopsMode" value="Zero based"/>
    <property name="java.runtime.version" value="11.0.2+9-LTS"/>
    <property name="java.awt.graphicsenv" value="sun.awt.Win32GraphicsEnvironment"/>
    <property name="os.arch" value="amd64"/>
    <property name="java.io.tmpdir" value="C:\Users\Admin\AppData\Local\Temp\"/>
    <property name="line.separator" value="
"/>
    <property name="java.vm.specification.vendor" value="Oracle Corporation"/>
    <property name="user.variant" value=""/>
    <property name="os.name" value="Windows 10"/>
    <property name="classworlds.conf" value="D:\Program Files\JetBrains\IntelliJ IDEA 2018.3.5\plugins\maven\lib\maven3\bin\m2.conf"/>
    <property name="sun.jnu.encoding" value="GBK"/>
    <property name="java.library.path" value="C:\Program Files\Java\jdk-11.0.2\bin;C:\Windows\Sun\Java\bin;C:\Windows\system32;C:\Windows;D:\Program Files (x86)\NetSarang\Xshell 6\;D:\Program Files (x86)\NetSarang\Xftp 6\;C:\Windows\system32;C:\Windows;C:\Windows\System32\Wbem;C:\Windows\System32\WindowsPowerShell\v1.0\;C:\Windows\System32\OpenSSH\;D:\Program Files\Git\cmd;C:\Program Files\Java\jdk1.8.0_201\bin;D:\Program Files\nodejs\;C:\ProgramData\chocolatey\bin;C:\Program Files\Java\jdk1.8.0_201\bin;C:\Program Files\Java\jdk1.8.0_201\bin;C:\Users\Admin\AppData\Local\Programs\Python\Python37\;C:\Users\Admin\AppData\Local\Programs\Python\Python37\Scripts\;D:\thrift\;D:\Docker\;D:\gradle-5.5\bin;D:\consul;D:\BigData\scala-2.13.0\bin;D:\BigData\hadoop-2.7.7\bin;D:\BigData\netcat-1.11;D:\AndroidStudioCache;D:\BaiduNetdiskDownload\apache-jmeter-5.1.1\apache-jmeter-5.1.1\bin;D:/Program Files/JetBrains/IntelliJ IDEA 2018.3.5/plugins/maven/lib/maven3\bin;D:\Program Files (x86)\Windows Kits\10\Windows Performance Toolkit\;%WIN_UTILS%\Bin;D:\Program Files (x86)\Microsoft Visual Studio\2019\Professional\MSBuild\Current\Bin;D:\cygwin64\bin;D:\BigData\zlib-1.2.3-bin\bin;D:\Program Files (x86)\Windows Kits\8.1\Windows Performance Toolkit\;Platform;c:\Program Files (x86)\Microsoft SQL Server\100\Tools\Binn\;c:\Program Files\Microsoft SQL Server\100\Tools\Binn\;c:\Program Files\Microsoft SQL Server\100\DTS\Binn\;C:\Program Files\Calibre2\;C:\Users\Admin\AppData\Local\Programs\Python\Python37\Scripts\;C:\Users\Admin\AppData\Local\Programs\Python\Python37\;C:\Users\Admin\AppData\Local\Microsoft\WindowsApps;D:\Program Files\JetBrains\IntelliJ IDEA 2018.3.5\bin;D:\Program Files\JetBrains\PyCharm 2018.3.5\bin;&quot;C:\Program Files\Java\jdk1.8.0_201\bin;&quot;;C:\Users\Admin\AppData\Roaming\npm;C:\Users\Admin\AppData\Local\BypassRuntm;."/>
    <property name="jdk.debug" value="release"/>
    <property name="java.class.version" value="55.0"/>
    <property name="java.specification.name" value="Java Platform API Specification"/>
    <property name="sun.management.compiler" value="HotSpot 64-Bit Tiered Compilers"/>
    <property name="os.version" value="10.0"/>
    <property name="user.home" value="C:\Users\Admin"/>
    <property name="user.timezone" value="Asia/Shanghai"/>
    <property name="java.awt.printerjob" value="sun.awt.windows.WPrinterJob"/>
    <property name="file.encoding" value="UTF-8"/>
    <property name="java.specification.version" value="11"/>
    <property name="user.name" value="Admin"/>
    <property name="java.class.path" value="D:\Program Files\JetBrains\IntelliJ IDEA 2018.3.5\plugins\maven\lib\maven3\boot\plexus-classworlds-2.5.2.jar"/>
    <property name="java.vm.specification.version" value="11"/>
    <property name="sun.arch.data.model" value="64"/>
    <property name="sun.java.command" value="org.codehaus.classworlds.Launcher -Didea.version2019.1.2 install"/>
    <property name="java.home" value="C:\Program Files\Java\jdk-11.0.2"/>
    <property name="user.language" value="zh"/>
    <property name="java.specification.vendor" value="Oracle Corporation"/>
    <property name="awt.toolkit" value="sun.awt.windows.WToolkit"/>
    <property name="java.vm.info" value="mixed mode"/>
    <property name="idea.version2019.1.2" value="true"/>
    <property name="java.version" value="11.0.2"/>
    <property name="java.vendor" value="Oracle Corporation"/>
    <property name="maven.home" value="D:\Program Files\JetBrains\IntelliJ IDEA 2018.3.5\plugins\maven\lib\maven3"/>
    <property name="file.separator" value="\"/>
    <property name="java.version.date" value="2019-01-15"/>
    <property name="java.vendor.url.bug" value="http://bugreport.java.com/bugreport/"/>
    <property name="sun.io.unicode.encoding" value="UnicodeLittle"/>
    <property name="sun.cpu.endian" value="little"/>
    <property name="java.vendor.version" value="18.9"/>
    <property name="sun.desktop" value="windows"/>
    <property name="sun.cpu.isalist" value="amd64"/>
  </properties>
</testsuite>